<?xml version="1.0" encoding="UTF-8" ?>
<testsuite errors="0" failures="0" hostname="kevin-VirtualBox" name="RennschneckeTest" skipped="0" tests="8" time="0.033" timestamp="2016-07-25T18:49:49">
  <properties>
[...]
</properties>
  <testcase classname="RennschneckeTest" name="testCheckKonstruktor" time="0.0" />
  <testcase classname="RennschneckeTest" name="testCreateRennschneckeTestObject" time="0.0" />
  <testcase classname="RennschneckeTest" name="testCheckGetRasse" time="0.0" />
  <testcase classname="RennschneckeTest" name="testCheckGetMaxSp" time="0.0" />
  <testcase classname="RennschneckeTest" name="testCheckGetStrecke" time="0.0" />
  <testcase classname="RennschneckeTest" name="testCheckKrieche" time="0.0" />
  <testcase classname="RennschneckeTest" name="testCheckToString" time="0.0" />
  <testcase classname="RennschneckeTest" name="testCheckGetName" time="0.0" />
  <system-out><![CDATA[]]></system-out>
  <system-err><![CDATA[]]></system-err>
</testsuite>
