<?xml version="1.0" encoding="UTF-8" ?>
<testsuite errors="0" failures="0" hostname="kevin-VirtualBox" name="RennenTest" skipped="0" tests="6" time="0.13" timestamp="2016-07-25T13:20:10">
  <properties>
[...]
</properties>
  <testcase classname="RennenTest" name="testErmittleGewinner" time="0.009" />
  <testcase classname="RennenTest" name="testToString" time="0.006" />
  <testcase classname="RennenTest" name="testLasseSchneckenKriechen" time="0.001" />
  <testcase classname="RennenTest" name="testKonstruktor" time="0.0" />
  <testcase classname="RennenTest" name="testRemoveRennschnecke" time="0.001" />
  <testcase classname="RennenTest" name="testDurchführen" time="0.003" />
  <system-out><![CDATA[Gewinner ist	Name:	Test
Rasse:	Test
Höchstgeschwindigkeit:	1000
Strecke:	10110
]]></system-out>
  <system-err><![CDATA[]]></system-err>
</testsuite>
